<?xml version="1.0" encoding="UTF-8"?>
<!-- Generated by org.testng.reporters.JUnitXMLReporter -->
<testsuite ignored="0" hostname="SCC" failures="1" tests="1" name="Eight" time="16080.293" errors="0" timestamp="2023-10-20T06:24:58 IST">
  <testcase classname="csc_automation.testsites.findPin_8_Method" name="check" time="16050.853">
    <failure type="java.lang.NullPointerException" message="Cannot invoke &amp;quot;org.openqa.selenium.WebElement.isDisplayed()&amp;quot; because &amp;quot;webObj&amp;quot; is null">
      <![CDATA[java.lang.NullPointerException: Cannot invoke "org.openqa.selenium.WebElement.isDisplayed()" because "webObj" is null
at csc_automation.webUtil.WebUtil.click(WebUtil.java:1868)
at csc_automation.testscript.cscScript.getCSCBalance(cscScript.java:117)
at csc_automation.testscript.cscScript.rechargeCSC(cscScript.java:112)
at csc_automation.testsites.findPin_8_Method.check(findPin_8_Method.java:16)
at java.base/java.util.ArrayList.forEach(ArrayList.java:1511)
at java.base/java.util.concurrent.FutureTask.run(FutureTask.java:317)
at java.base/java.util.concurrent.ThreadPoolExecutor.runWorker(ThreadPoolExecutor.java:1144)
at java.base/java.util.concurrent.ThreadPoolExecutor$Worker.run(ThreadPoolExecutor.java:642)
at java.base/java.lang.Thread.run(Thread.java:1623)
... Removed 16 stack frames]]>
    </failure>
  </testcase> <!-- check -->
</testsuite> <!-- Eight -->
