<?xml version="1.0" encoding="UTF-8"?>
<!-- Generated by org.testng.reporters.JUnitXMLReporter -->
<testsuite ignored="0" hostname="SCC" failures="1" tests="1" name="Eleven" time="16.785" errors="0" timestamp="2023-10-23T13:40:30 IST">
  <testcase classname="csc_automation.testsites.findPin_11_Method" name="check" time="0.003">
    <failure type="java.lang.Error" message="Unresolved compilation problem: 
	The constructor cscScript(WebUtil, ExtentTest) is undefined
">
      <![CDATA[java.lang.Error: Unresolved compilation problem: 
The constructor cscScript(WebUtil, ExtentTest) is undefined

at csc_automation.testsites.findPin_11_Method.check(findPin_11_Method.java:14)
at java.base/java.util.ArrayList.forEach(ArrayList.java:1511)
at java.base/java.util.concurrent.FutureTask.run(FutureTask.java:317)
at java.base/java.util.concurrent.ThreadPoolExecutor.runWorker(ThreadPoolExecutor.java:1144)
at java.base/java.util.concurrent.ThreadPoolExecutor$Worker.run(ThreadPoolExecutor.java:642)
at java.base/java.lang.Thread.run(Thread.java:1623)
... Removed 16 stack frames]]>
    </failure>
  </testcase> <!-- check -->
</testsuite> <!-- Eleven -->
