<?xml version="1.0" encoding="UTF-8"?>
<!-- Generated by org.testng.reporters.JUnitXMLReporter -->
<testsuite ignored="0" hostname="SCC" failures="1" tests="1" name="Twelven" time="25.678" errors="0" timestamp="2023-10-16T00:04:11 IST">
  <testcase classname="csc_automation.testsites.findPin_12_Method" name="check" time="25.586">
    <failure type="java.lang.NullPointerException" message="Cannot invoke &amp;quot;org.openqa.selenium.WebElement.isDisplayed()&amp;quot; because &amp;quot;webObj&amp;quot; is null">
      <![CDATA[java.lang.NullPointerException: Cannot invoke "org.openqa.selenium.WebElement.isDisplayed()" because "webObj" is null
at csc_automation.webUtil.WebUtil.click(WebUtil.java:1854)
at csc_automation.testscript.cscScript.openCSCIDAndLogin(cscScript.java:16)
at csc_automation.testsites.findPin_12_Method.check(findPin_12_Method.java:13)
at java.base/java.util.ArrayList.forEach(ArrayList.java:1511)
at java.base/java.util.concurrent.FutureTask.run(FutureTask.java:317)
at java.base/java.util.concurrent.ThreadPoolExecutor.runWorker(ThreadPoolExecutor.java:1144)
at java.base/java.util.concurrent.ThreadPoolExecutor$Worker.run(ThreadPoolExecutor.java:642)
at java.base/java.lang.Thread.run(Thread.java:1623)
... Removed 16 stack frames]]>
    </failure>
  </testcase> <!-- check -->
</testsuite> <!-- Twelven -->
